  filesys.c
F:\programme\C\操作系统课设正式\src\filesys.c(186,44): warning C4047: “函数”:“const char *”与“char [10][80]”的间接级别不同
F:\programme\C\操作系统课设正式\src\filesys.c(186,44): warning C4024: “strcmp”: 形参和实参 1 的类型不同
F:\programme\C\操作系统课设正式\src\filesys.c(189,13): warning C4013: “gets”未定义；假设外部返回 int
F:\programme\C\操作系统课设正式\src\filesys.c(176,33): warning C4101: “tp”: 未引用的局部变量
F:\programme\C\操作系统课设正式\src\filesys.c(420,31): warning C4047: “函数”:“char *”与“char [10][80]”的间接级别不同
F:\programme\C\操作系统课设正式\src\filesys.c(420,31): warning C4024: “strcpy”: 形参和实参 1 的类型不同
F:\programme\C\操作系统课设正式\src\filesys.c(630,46): warning C4047: “函数”:“char *”与“char [10][80]”的间接级别不同
F:\programme\C\操作系统课设正式\src\filesys.c(630,46): warning C4024: “strcpy”: 形参和实参 1 的类型不同
F:\programme\C\操作系统课设正式\src\filesys.c(929,39): warning C4047: “函数”:“char *”与“char [10][80]”的间接级别不同
F:\programme\C\操作系统课设正式\src\filesys.c(929,39): warning C4024: “strcpy”: 形参和实参 1 的类型不同
F:\programme\C\操作系统课设正式\src\filesys.c(946,15): warning C4033: “my_cd”必须返回值
F:\programme\C\操作系统课设正式\src\filesys.c(980,23): warning C4033: “my_cd”必须返回值
F:\programme\C\操作系统课设正式\src\filesys.c(1000,54): warning C4047: “函数”:“char *”与“char [10][80]”的间接级别不同
F:\programme\C\操作系统课设正式\src\filesys.c(1000,54): warning C4024: “strcpy”: 形参和实参 1 的类型不同
F:\programme\C\操作系统课设正式\src\filesys.c(1188,12): warning C4101: “tmp_num”: 未引用的局部变量
F:\programme\C\操作系统课设正式\src\filesys.c(1664,23): warning C4013: “access”未定义；假设外部返回 int
F:\programme\C\操作系统课设正式\src\filesys.c(1666,22): warning C4013: “mkdir”未定义；假设外部返回 int
F:\programme\C\操作系统课设正式\src\filesys.c(1906,46): warning C4047: “函数”:“char *”与“char [10][80]”的间接级别不同
F:\programme\C\操作系统课设正式\src\filesys.c(1906,46): warning C4024: “strcpy”: 形参和实参 1 的类型不同
F:\programme\C\操作系统课设正式\src\filesys.c(2026,46): warning C4047: “函数”:“char *”与“char [10][80]”的间接级别不同
F:\programme\C\操作系统课设正式\src\filesys.c(2026,46): warning C4024: “strcpy”: 形参和实参 1 的类型不同
F:\programme\C\操作系统课设正式\src\filesys.c(2094,39): warning C4047: “函数”:“char *”与“char [10][80]”的间接级别不同
F:\programme\C\操作系统课设正式\src\filesys.c(2094,39): warning C4024: “strcpy”: 形参和实参 1 的类型不同
F:\programme\C\操作系统课设正式\src\filesys.c(825): warning C4715: “my_create”: 不是所有的控件路径都返回值
F:\programme\C\操作系统课设正式\src\filesys.c(1643): warning C4716: “new_ls”: 必须返回一个值
F:\programme\C\操作系统课设正式\src\filesys.c(1008): warning C4715: “my_cd”: 不是所有的控件路径都返回值
F:\programme\C\操作系统课设正式\src\filesys.c(1619): warning C4716: “new_del”: 必须返回一个值
F:\programme\C\操作系统课设正式\src\filesys.c(1819): warning C4715: “mds”: 不是所有的控件路径都返回值
F:\programme\C\操作系统课设正式\src\filesys.c(2205): warning C4715: “md”: 不是所有的控件路径都返回值
  操作系统课设正式.vcxproj -> F:\programme\C\操作系统课设正式\Debug\操作系统课设正式.exe
